<?xml version="1.0" encoding="UTF-8"?>
<!-- Generated by org.testng.reporters.JUnitReportReporter -->
<testsuite hostname="Kavuris-MBP" name="com.test.automation.uiAutomations.homepage.TC001_VerifyLoginWithInvalidCradentiols" tests="8" failures="0" timestamp="27 Feb 2018 15:03:56 GMT" time="16.736" errors="0">
  <testcase name="VerifyLoginWithInvalidCradentiols" time="2.475" classname="com.test.automation.uiAutomations.homepage.TC001_VerifyLoginWithInvalidCradentiols"/>
  <testcase name="VerifyLoginWithInvalidCradentiols" time="2.044" classname="com.test.automation.uiAutomations.homepage.TC001_VerifyLoginWithInvalidCradentiols"/>
  <testcase name="VerifyLoginWithInvalidCradentiols" time="1.932" classname="com.test.automation.uiAutomations.homepage.TC001_VerifyLoginWithInvalidCradentiols"/>
  <testcase name="VerifyLoginWithInvalidCradentiols" time="1.940" classname="com.test.automation.uiAutomations.homepage.TC001_VerifyLoginWithInvalidCradentiols"/>
  <testcase name="VerifyLoginWithInvalidCradentiols" time="2.196" classname="com.test.automation.uiAutomations.homepage.TC001_VerifyLoginWithInvalidCradentiols"/>
  <testcase name="VerifyLoginWithInvalidCradentiols" time="2.008" classname="com.test.automation.uiAutomations.homepage.TC001_VerifyLoginWithInvalidCradentiols"/>
  <testcase name="VerifyLoginWithInvalidCradentiols" time="2.200" classname="com.test.automation.uiAutomations.homepage.TC001_VerifyLoginWithInvalidCradentiols"/>
  <testcase name="VerifyLoginWithInvalidCradentiols" time="1.941" classname="com.test.automation.uiAutomations.homepage.TC001_VerifyLoginWithInvalidCradentiols"/>
</testsuite> <!-- com.test.automation.uiAutomations.homepage.TC001_VerifyLoginWithInvalidCradentiols -->
